nam: main.nam of Fri Oct 21 11:06:11 2022

   1~        ->  ~+       
   0~        ->  ~+       
   ~         ->  ?!       
   !+        ->  +!       
   !1        ->  1!       
   !0        ->  0!       
   0/1!      ->  01!      
   1/0!      ->  10!      
   1/1!      ->  11!      
   0/0!      ->  00!      
   +10       ->  0/1      
   +01       ->  1/0      
   +11       ->  1/1      
   +00       ->  0/0      
   /10       ->  0/1      
   /01       ->  1/0      
   /11       ->  1/1      
   /00       ->  0/0      
   1!        ->  1        
   0!        ->  0        
   ?         ->.          

10000000~11
--------------------------------------------------------------------------------
[ 0~        ->  ~+        ]  "1000000~+11"
[ 0~        ->  ~+        ]  "100000~++11"
[ 0~        ->  ~+        ]  "10000~+++11"
[ 0~        ->  ~+        ]  "1000~++++11"
[ 0~        ->  ~+        ]  "100~+++++11"
[ 0~        ->  ~+        ]  "10~++++++11"
[ 0~        ->  ~+        ]  "1~+++++++11"
[ 1~        ->  ~+        ]  "~++++++++11"
[ ~         ->  ?!        ]  "?!++++++++11"
[ !+        ->  +!        ]  "?+!+++++++11"
[ !+        ->  +!        ]  "?++!++++++11"
[ !+        ->  +!        ]  "?+++!+++++11"
[ !+        ->  +!        ]  "?++++!++++11"
[ !+        ->  +!        ]  "?+++++!+++11"
[ !+        ->  +!        ]  "?++++++!++11"
[ !+        ->  +!        ]  "?+++++++!+11"
[ !+        ->  +!        ]  "?++++++++!11"
[ !1        ->  1!        ]  "?++++++++1!1"
[ !1        ->  1!        ]  "?++++++++11!"
[ +11       ->  1/1       ]  "?+++++++1/1!"
[ 1/1!      ->  11!       ]  "?+++++++11!"
[ +11       ->  1/1       ]  "?++++++1/1!"
[ 1/1!      ->  11!       ]  "?++++++11!"
[ +11       ->  1/1       ]  "?+++++1/1!"
[ 1/1!      ->  11!       ]  "?+++++11!"
[ +11       ->  1/1       ]  "?++++1/1!"
[ 1/1!      ->  11!       ]  "?++++11!"
[ +11       ->  1/1       ]  "?+++1/1!"
[ 1/1!      ->  11!       ]  "?+++11!"
[ +11       ->  1/1       ]  "?++1/1!"
[ 1/1!      ->  11!       ]  "?++11!"
[ +11       ->  1/1       ]  "?+1/1!"
[ 1/1!      ->  11!       ]  "?+11!"
[ +11       ->  1/1       ]  "?1/1!"
[ 1/1!      ->  11!       ]  "?11!"
[ 1!        ->  1         ]  "?11"
[ ?         ->.           ]  "11"
--------------------------------------------------------------------------------

111~100000000
--------------------------------------------------------------------------------
[ 1~        ->  ~+        ]  "11~+100000000"
[ 1~        ->  ~+        ]  "1~++100000000"
[ 1~        ->  ~+        ]  "~+++100000000"
[ ~         ->  ?!        ]  "?!+++100000000"
[ !+        ->  +!        ]  "?+!++100000000"
[ !+        ->  +!        ]  "?++!+100000000"
[ !+        ->  +!        ]  "?+++!100000000"
[ !1        ->  1!        ]  "?+++1!00000000"
[ !0        ->  0!        ]  "?+++10!0000000"
[ !0        ->  0!        ]  "?+++100!000000"
[ !0        ->  0!        ]  "?+++1000!00000"
[ !0        ->  0!        ]  "?+++10000!0000"
[ !0        ->  0!        ]  "?+++100000!000"
[ !0        ->  0!        ]  "?+++1000000!00"
[ !0        ->  0!        ]  "?+++10000000!0"
[ !0        ->  0!        ]  "?+++100000000!"
[ +10       ->  0/1       ]  "?++0/10000000!"
[ /10       ->  0/1       ]  "?++00/1000000!"
[ +00       ->  0/0       ]  "?+0/0/1000000!"
[ /10       ->  0/1       ]  "?+0/00/100000!"
[ /10       ->  0/1       ]  "?+0/000/10000!"
[ /10       ->  0/1       ]  "?+0/0000/1000!"
[ /10       ->  0/1       ]  "?+0/00000/100!"
[ /10       ->  0/1       ]  "?+0/000000/10!"
[ /10       ->  0/1       ]  "?+0/0000000/1!"
[ 0/1!      ->  01!       ]  "?+0/00000001!"
[ /00       ->  0/0       ]  "?+00/0000001!"
[ +00       ->  0/0       ]  "?0/0/0000001!"
[ /00       ->  0/0       ]  "?0/00/000001!"
[ /00       ->  0/0       ]  "?00/0/000001!"
[ /00       ->  0/0       ]  "?00/00/00001!"
[ /00       ->  0/0       ]  "?000/0/00001!"
[ /00       ->  0/0       ]  "?000/00/0001!"
[ /00       ->  0/0       ]  "?0000/0/0001!"
[ /00       ->  0/0       ]  "?0000/00/001!"
[ /00       ->  0/0       ]  "?00000/0/001!"
[ /00       ->  0/0       ]  "?00000/00/01!"
[ /01       ->  1/0       ]  "?00000/001/0!"
[ 1/0!      ->  10!       ]  "?00000/0010!"
[ /00       ->  0/0       ]  "?000000/010!"
[ /01       ->  1/0       ]  "?0000001/00!"
[ /00       ->  0/0       ]  "?00000010/0!"
[ 0/0!      ->  00!       ]  "?000000100!"
[ 0!        ->  0         ]  "?000000100"
[ ?         ->.           ]  "000000100"
--------------------------------------------------------------------------------

